[03:13:04] [ServerMain/INFO]: Environment: authHost='https://authserver.mojang.com', accountsHost='https://api.mojang.com', sessionHost='https://sessionserver.mojang.com', servicesHost='https://api.minecraftservices.com', name='PROD'
[03:13:06] [ServerMain/INFO]: Loaded 7 recipes
[03:13:06] [ServerMain/INFO]: Loaded 1271 advancements
[03:13:06] [Server thread/INFO]: Starting minecraft server version 1.20.1
[03:13:06] [Server thread/INFO]: Loading properties
[03:13:06] [Server thread/INFO]: Default game type: SURVIVAL
[03:13:06] [Server thread/INFO]: Generating keypair
[03:13:07] [Server thread/INFO]: Starting Minecraft server on *:25565
[03:13:07] [Server thread/INFO]: Using epoll channel type
[03:13:07] [Server thread/WARN]: **** FAILED TO BIND TO PORT!
[03:13:07] [Server thread/WARN]: The exception was: io.netty.channel.unix.Errors$NativeIoException: bind(..) failed: Address already in use
[03:13:07] [Server thread/WARN]: Perhaps a server is already running on that port?
[03:13:07] [Server thread/ERROR]: Encountered an unexpected exception
java.lang.IllegalStateException: Failed to initialize server
	at net.minecraft.server.MinecraftServer.w(SourceFile:684) ~[server-1.20.1.jar:?]
	at net.minecraft.server.MinecraftServer.a(SourceFile:265) ~[server-1.20.1.jar:?]
	at java.lang.Thread.run(Thread.java:1583) ~[?:?]
[03:13:07] [Server thread/ERROR]: This crash report has been saved to: /workspaces/el-minecra/servidor_minecraft/./crash-reports/crash-2024-05-22_03.13.07-server.txt
[03:13:07] [Server thread/INFO]: Stopping server
[03:13:07] [Server thread/INFO]: Saving worlds
[03:13:07] [Server thread/ERROR]: Exception stopping the server
java.lang.NullPointerException: Cannot invoke "aif.w_()" because "$$5" is null
	at net.minecraft.server.MinecraftServer.a(SourceFile:541) ~[server-1.20.1.jar:?]
	at net.minecraft.server.MinecraftServer.t(SourceFile:602) ~[server-1.20.1.jar:?]
	at ahe.t(SourceFile:537) ~[server-1.20.1.jar:?]
	at net.minecraft.server.MinecraftServer.w(SourceFile:703) ~[server-1.20.1.jar:?]
	at net.minecraft.server.MinecraftServer.a(SourceFile:265) ~[server-1.20.1.jar:?]
	at java.lang.Thread.run(Thread.java:1583) ~[?:?]
